<?xml version="1.0" encoding="UTF-8"?>
<testng-results ignored="0" total="21" passed="21" failed="0" skipped="0">
  <reporter-output>
  </reporter-output>
  <suite started-at="2024-09-10T22:52:47 BDT" name="Default suite" finished-at="2024-09-10T23:06:57 BDT" duration-ms="850587">
    <groups>
      <group name="cucumber">
        <method signature="AbstractTestNGCucumberTests.runScenario(io.cucumber.testng.PickleWrapper,io.cucumber.testng.FeatureWrapper)[pri:0, instance:TestRunner.CucumberTestRunner@65f8f5ae]" name="runScenario" class="io.cucumber.testng.AbstractTestNGCucumberTests"/>
      </group> <!-- cucumber -->
    </groups>
    <test started-at="2024-09-10T22:52:47 BDT" name="Default test" finished-at="2024-09-10T23:06:57 BDT" duration-ms="850587">
      <class name="TestRunner.CucumberTestRunner">
        <test-method is-config="true" signature="setUpClass(org.testng.ITestContext)[pri:0, instance:TestRunner.CucumberTestRunner@65f8f5ae]" started-at="2024-09-10T22:52:47 BDT" name="setUpClass" finished-at="2024-09-10T22:52:51 BDT" duration-ms="3992" status="PASS">
          <params>
            <param index="0">
              <value>
                <![CDATA[org.testng.TestRunner@5175d9ad]]>
              </value>
            </param>
          </params>
          <reporter-output>
          </reporter-output>
        </test-method> <!-- setUpClass -->
        <test-method signature="runScenario(io.cucumber.testng.PickleWrapper,io.cucumber.testng.FeatureWrapper)[pri:0, instance:TestRunner.CucumberTestRunner@65f8f5ae]" started-at="2024-09-10T22:52:51 BDT" name="runScenario" description="Runs Cucumber Scenarios" data-provider="scenarios" finished-at="2024-09-10T22:53:45 BDT" duration-ms="53998" status="PASS">
          <params>
            <param index="0">
              <value>
                <![CDATA["Check navigation bar working properly"]]>
              </value>
            </param>
            <param index="1">
              <value>
                <![CDATA["Test case automation on Samsung"]]>
              </value>
            </param>
          </params>
          <reporter-output>
          </reporter-output>
        </test-method> <!-- runScenario -->
        <test-method signature="runScenario(io.cucumber.testng.PickleWrapper,io.cucumber.testng.FeatureWrapper)[pri:0, instance:TestRunner.CucumberTestRunner@65f8f5ae]" started-at="2024-09-10T22:53:45 BDT" name="runScenario" description="Runs Cucumber Scenarios" data-provider="scenarios" finished-at="2024-09-10T22:54:48 BDT" duration-ms="62923" status="PASS">
          <params>
            <param index="0">
              <value>
                <![CDATA["Check search function working properly"]]>
              </value>
            </param>
            <param index="1">
              <value>
                <![CDATA["Test case automation on Samsung"]]>
              </value>
            </param>
          </params>
          <reporter-output>
          </reporter-output>
        </test-method> <!-- runScenario -->
        <test-method signature="runScenario(io.cucumber.testng.PickleWrapper,io.cucumber.testng.FeatureWrapper)[pri:0, instance:TestRunner.CucumberTestRunner@65f8f5ae]" started-at="2024-09-10T22:54:48 BDT" name="runScenario" description="Runs Cucumber Scenarios" data-provider="scenarios" finished-at="2024-09-10T22:56:34 BDT" duration-ms="106081" status="PASS">
          <params>
            <param index="0">
              <value>
                <![CDATA["Check language change function working properly"]]>
              </value>
            </param>
            <param index="1">
              <value>
                <![CDATA["Test case automation on Samsung"]]>
              </value>
            </param>
          </params>
          <reporter-output>
          </reporter-output>
        </test-method> <!-- runScenario -->
        <test-method signature="runScenario(io.cucumber.testng.PickleWrapper,io.cucumber.testng.FeatureWrapper)[pri:0, instance:TestRunner.CucumberTestRunner@65f8f5ae]" started-at="2024-09-10T22:56:34 BDT" name="runScenario" description="Runs Cucumber Scenarios" data-provider="scenarios" finished-at="2024-09-10T22:57:26 BDT" duration-ms="51649" status="PASS">
          <params>
            <param index="0">
              <value>
                <![CDATA["Check Slider change function working properly"]]>
              </value>
            </param>
            <param index="1">
              <value>
                <![CDATA["Test case automation on Samsung"]]>
              </value>
            </param>
          </params>
          <reporter-output>
          </reporter-output>
        </test-method> <!-- runScenario -->
        <test-method signature="runScenario(io.cucumber.testng.PickleWrapper,io.cucumber.testng.FeatureWrapper)[pri:0, instance:TestRunner.CucumberTestRunner@65f8f5ae]" started-at="2024-09-10T22:57:26 BDT" name="runScenario" description="Runs Cucumber Scenarios" data-provider="scenarios" finished-at="2024-09-10T22:58:16 BDT" duration-ms="50646" status="PASS">
          <params>
            <param index="0">
              <value>
                <![CDATA["Check dropdown menu working properly"]]>
              </value>
            </param>
            <param index="1">
              <value>
                <![CDATA["Test case automation on Samsung"]]>
              </value>
            </param>
          </params>
          <reporter-output>
          </reporter-output>
        </test-method> <!-- runScenario -->
        <test-method signature="runScenario(io.cucumber.testng.PickleWrapper,io.cucumber.testng.FeatureWrapper)[pri:0, instance:TestRunner.CucumberTestRunner@65f8f5ae]" started-at="2024-09-10T22:58:16 BDT" name="runScenario" description="Runs Cucumber Scenarios" data-provider="scenarios" finished-at="2024-09-10T22:58:42 BDT" duration-ms="25898" status="PASS">
          <params>
            <param index="0">
              <value>
                <![CDATA["Check footer menu function working properly"]]>
              </value>
            </param>
            <param index="1">
              <value>
                <![CDATA["Test case automation on Samsung"]]>
              </value>
            </param>
          </params>
          <reporter-output>
          </reporter-output>
        </test-method> <!-- runScenario -->
        <test-method signature="runScenario(io.cucumber.testng.PickleWrapper,io.cucumber.testng.FeatureWrapper)[pri:0, instance:TestRunner.CucumberTestRunner@65f8f5ae]" started-at="2024-09-10T22:58:42 BDT" name="runScenario" description="Runs Cucumber Scenarios" data-provider="scenarios" finished-at="2024-09-10T22:59:07 BDT" duration-ms="24387" status="PASS">
          <params>
            <param index="0">
              <value>
                <![CDATA["Check footer menu function working properly"]]>
              </value>
            </param>
            <param index="1">
              <value>
                <![CDATA["Test case automation on Samsung"]]>
              </value>
            </param>
          </params>
          <reporter-output>
          </reporter-output>
        </test-method> <!-- runScenario -->
        <test-method signature="runScenario(io.cucumber.testng.PickleWrapper,io.cucumber.testng.FeatureWrapper)[pri:0, instance:TestRunner.CucumberTestRunner@65f8f5ae]" started-at="2024-09-10T22:59:07 BDT" name="runScenario" description="Runs Cucumber Scenarios" data-provider="scenarios" finished-at="2024-09-10T22:59:30 BDT" duration-ms="23505" status="PASS">
          <params>
            <param index="0">
              <value>
                <![CDATA["Check footer menu function working properly"]]>
              </value>
            </param>
            <param index="1">
              <value>
                <![CDATA["Test case automation on Samsung"]]>
              </value>
            </param>
          </params>
          <reporter-output>
          </reporter-output>
        </test-method> <!-- runScenario -->
        <test-method signature="runScenario(io.cucumber.testng.PickleWrapper,io.cucumber.testng.FeatureWrapper)[pri:0, instance:TestRunner.CucumberTestRunner@65f8f5ae]" started-at="2024-09-10T22:59:30 BDT" name="runScenario" description="Runs Cucumber Scenarios" data-provider="scenarios" finished-at="2024-09-10T23:00:04 BDT" duration-ms="33950" status="PASS">
          <params>
            <param index="0">
              <value>
                <![CDATA["Check footer menu function working properly"]]>
              </value>
            </param>
            <param index="1">
              <value>
                <![CDATA["Test case automation on Samsung"]]>
              </value>
            </param>
          </params>
          <reporter-output>
          </reporter-output>
        </test-method> <!-- runScenario -->
        <test-method signature="runScenario(io.cucumber.testng.PickleWrapper,io.cucumber.testng.FeatureWrapper)[pri:0, instance:TestRunner.CucumberTestRunner@65f8f5ae]" started-at="2024-09-10T23:00:04 BDT" name="runScenario" description="Runs Cucumber Scenarios" data-provider="scenarios" finished-at="2024-09-10T23:00:35 BDT" duration-ms="31186" status="PASS">
          <params>
            <param index="0">
              <value>
                <![CDATA["Check footer menu function working properly"]]>
              </value>
            </param>
            <param index="1">
              <value>
                <![CDATA["Test case automation on Samsung"]]>
              </value>
            </param>
          </params>
          <reporter-output>
          </reporter-output>
        </test-method> <!-- runScenario -->
        <test-method signature="runScenario(io.cucumber.testng.PickleWrapper,io.cucumber.testng.FeatureWrapper)[pri:0, instance:TestRunner.CucumberTestRunner@65f8f5ae]" started-at="2024-09-10T23:00:35 BDT" name="runScenario" description="Runs Cucumber Scenarios" data-provider="scenarios" finished-at="2024-09-10T23:01:11 BDT" duration-ms="35519" status="PASS">
          <params>
            <param index="0">
              <value>
                <![CDATA["Check footer menu function working properly"]]>
              </value>
            </param>
            <param index="1">
              <value>
                <![CDATA["Test case automation on Samsung"]]>
              </value>
            </param>
          </params>
          <reporter-output>
          </reporter-output>
        </test-method> <!-- runScenario -->
        <test-method signature="runScenario(io.cucumber.testng.PickleWrapper,io.cucumber.testng.FeatureWrapper)[pri:0, instance:TestRunner.CucumberTestRunner@65f8f5ae]" started-at="2024-09-10T23:01:11 BDT" name="runScenario" description="Runs Cucumber Scenarios" data-provider="scenarios" finished-at="2024-09-10T23:01:34 BDT" duration-ms="23326" status="PASS">
          <params>
            <param index="0">
              <value>
                <![CDATA["Check footer menu function working properly"]]>
              </value>
            </param>
            <param index="1">
              <value>
                <![CDATA["Test case automation on Samsung"]]>
              </value>
            </param>
          </params>
          <reporter-output>
          </reporter-output>
        </test-method> <!-- runScenario -->
        <test-method signature="runScenario(io.cucumber.testng.PickleWrapper,io.cucumber.testng.FeatureWrapper)[pri:0, instance:TestRunner.CucumberTestRunner@65f8f5ae]" started-at="2024-09-10T23:01:34 BDT" name="runScenario" description="Runs Cucumber Scenarios" data-provider="scenarios" finished-at="2024-09-10T23:01:58 BDT" duration-ms="23790" status="PASS">
          <params>
            <param index="0">
              <value>
                <![CDATA["Check footer menu function working properly"]]>
              </value>
            </param>
            <param index="1">
              <value>
                <![CDATA["Test case automation on Samsung"]]>
              </value>
            </param>
          </params>
          <reporter-output>
          </reporter-output>
        </test-method> <!-- runScenario -->
        <test-method signature="runScenario(io.cucumber.testng.PickleWrapper,io.cucumber.testng.FeatureWrapper)[pri:0, instance:TestRunner.CucumberTestRunner@65f8f5ae]" started-at="2024-09-10T23:01:58 BDT" name="runScenario" description="Runs Cucumber Scenarios" data-provider="scenarios" finished-at="2024-09-10T23:03:05 BDT" duration-ms="66673" status="PASS">
          <params>
            <param index="0">
              <value>
                <![CDATA["Check footer menu function working properly"]]>
              </value>
            </param>
            <param index="1">
              <value>
                <![CDATA["Test case automation on Samsung"]]>
              </value>
            </param>
          </params>
          <reporter-output>
          </reporter-output>
        </test-method> <!-- runScenario -->
        <test-method signature="runScenario(io.cucumber.testng.PickleWrapper,io.cucumber.testng.FeatureWrapper)[pri:0, instance:TestRunner.CucumberTestRunner@65f8f5ae]" started-at="2024-09-10T23:03:05 BDT" name="runScenario" description="Runs Cucumber Scenarios" data-provider="scenarios" finished-at="2024-09-10T23:04:06 BDT" duration-ms="61312" status="PASS">
          <params>
            <param index="0">
              <value>
                <![CDATA["Check footer menu function working properly"]]>
              </value>
            </param>
            <param index="1">
              <value>
                <![CDATA["Test case automation on Samsung"]]>
              </value>
            </param>
          </params>
          <reporter-output>
          </reporter-output>
        </test-method> <!-- runScenario -->
        <test-method signature="runScenario(io.cucumber.testng.PickleWrapper,io.cucumber.testng.FeatureWrapper)[pri:0, instance:TestRunner.CucumberTestRunner@65f8f5ae]" started-at="2024-09-10T23:04:06 BDT" name="runScenario" description="Runs Cucumber Scenarios" data-provider="scenarios" finished-at="2024-09-10T23:04:47 BDT" duration-ms="41187" status="PASS">
          <params>
            <param index="0">
              <value>
                <![CDATA["Check footer menu function working properly"]]>
              </value>
            </param>
            <param index="1">
              <value>
                <![CDATA["Test case automation on Samsung"]]>
              </value>
            </param>
          </params>
          <reporter-output>
          </reporter-output>
        </test-method> <!-- runScenario -->
        <test-method signature="runScenario(io.cucumber.testng.PickleWrapper,io.cucumber.testng.FeatureWrapper)[pri:0, instance:TestRunner.CucumberTestRunner@65f8f5ae]" started-at="2024-09-10T23:04:47 BDT" name="runScenario" description="Runs Cucumber Scenarios" data-provider="scenarios" finished-at="2024-09-10T23:05:17 BDT" duration-ms="29562" status="PASS">
          <params>
            <param index="0">
              <value>
                <![CDATA["Check TV & AV section working properly"]]>
              </value>
            </param>
            <param index="1">
              <value>
                <![CDATA["Test case automation on Samsung"]]>
              </value>
            </param>
          </params>
          <reporter-output>
          </reporter-output>
        </test-method> <!-- runScenario -->
        <test-method signature="runScenario(io.cucumber.testng.PickleWrapper,io.cucumber.testng.FeatureWrapper)[pri:0, instance:TestRunner.CucumberTestRunner@65f8f5ae]" started-at="2024-09-10T23:05:17 BDT" name="runScenario" description="Runs Cucumber Scenarios" data-provider="scenarios" finished-at="2024-09-10T23:05:42 BDT" duration-ms="25157" status="PASS">
          <params>
            <param index="0">
              <value>
                <![CDATA["Check Home appliance section working properly"]]>
              </value>
            </param>
            <param index="1">
              <value>
                <![CDATA["Test case automation on Samsung"]]>
              </value>
            </param>
          </params>
          <reporter-output>
          </reporter-output>
        </test-method> <!-- runScenario -->
        <test-method signature="runScenario(io.cucumber.testng.PickleWrapper,io.cucumber.testng.FeatureWrapper)[pri:0, instance:TestRunner.CucumberTestRunner@65f8f5ae]" started-at="2024-09-10T23:05:42 BDT" name="runScenario" description="Runs Cucumber Scenarios" data-provider="scenarios" finished-at="2024-09-10T23:06:10 BDT" duration-ms="28179" status="PASS">
          <params>
            <param index="0">
              <value>
                <![CDATA["Check dropdown menu working properly"]]>
              </value>
            </param>
            <param index="1">
              <value>
                <![CDATA["Test case automation on Samsung"]]>
              </value>
            </param>
          </params>
          <reporter-output>
          </reporter-output>
        </test-method> <!-- runScenario -->
        <test-method signature="runScenario(io.cucumber.testng.PickleWrapper,io.cucumber.testng.FeatureWrapper)[pri:0, instance:TestRunner.CucumberTestRunner@65f8f5ae]" started-at="2024-09-10T23:06:10 BDT" name="runScenario" description="Runs Cucumber Scenarios" data-provider="scenarios" finished-at="2024-09-10T23:06:33 BDT" duration-ms="23096" status="PASS">
          <params>
            <param index="0">
              <value>
                <![CDATA["Check Home appliance section working properly"]]>
              </value>
            </param>
            <param index="1">
              <value>
                <![CDATA["Test case automation on Samsung"]]>
              </value>
            </param>
          </params>
          <reporter-output>
          </reporter-output>
        </test-method> <!-- runScenario -->
        <test-method signature="runScenario(io.cucumber.testng.PickleWrapper,io.cucumber.testng.FeatureWrapper)[pri:0, instance:TestRunner.CucumberTestRunner@65f8f5ae]" started-at="2024-09-10T23:06:33 BDT" name="runScenario" description="Runs Cucumber Scenarios" data-provider="scenarios" finished-at="2024-09-10T23:06:57 BDT" duration-ms="23774" status="PASS">
          <params>
            <param index="0">
              <value>
                <![CDATA["Check Home appliance section working properly"]]>
              </value>
            </param>
            <param index="1">
              <value>
                <![CDATA["Test case automation on Samsung"]]>
              </value>
            </param>
          </params>
          <reporter-output>
          </reporter-output>
        </test-method> <!-- runScenario -->
        <test-method is-config="true" signature="tearDownClass()[pri:0, instance:TestRunner.CucumberTestRunner@65f8f5ae]" started-at="2024-09-10T23:06:57 BDT" name="tearDownClass" finished-at="2024-09-10T23:06:57 BDT" duration-ms="219" status="PASS">
          <reporter-output>
          </reporter-output>
        </test-method> <!-- tearDownClass -->
      </class> <!-- TestRunner.CucumberTestRunner -->
    </test> <!-- Default test -->
  </suite> <!-- Default suite -->
</testng-results>
